Arguments: 
  C:\Program Files\nodejs\node.exe C:\Program Files (x86)\Yarn\bin\yarn.js add griffith

PATH: 
  C:\Program Files (x86)\Common Files\Oracle\Java\javapath;C:\Python27\Scripts;C:\Python27\;C:\ProgramData\Oracle\Java\javapath;C:\Windows\system32;C:\Windows;C:\Windows\System32\Wbem;C:\Windows\System32\WindowsPowerShell\v1.0\;C:\Program Files (x86)\NVIDIA Corporation\PhysX\Common;C:\WINDOWS\system32;C:\WINDOWS;C:\WINDOWS\System32\Wbem;C:\WINDOWS\System32\WindowsPowerShell\v1.0\;C:\WINDOWS\System32\OpenSSH\;C:\Program Files\PuTTY\;C:\Program Files\nodejs\;C:\Program Files (x86)\Yarn\bin\;C:\Program Files\TortoiseSVN\bin;C:\Program Files\Java\jre-10.0.2\bin;C:\Program Files\Java\jdk-10.0.2\bin;C:\Program Files\Java\jdk-10.0.2\jre\bin;C:\Program Files\NVIDIA Corporation\NVIDIA NvDLISR;C:\cs\HBuilderX\plugins\launcher\tools\adbs;C:\Python27\Scripts;C:\Users\tiany\AppData\Local\Microsoft\WindowsApps;C:\Program Files\Microsoft VS Code\bin;C:\Users\tiany\AppData\Roaming\npm;C:\Users\tiany\AppData\Local\Yarn\bin;C:\cs\HBuilderX\plugins\launcher\tools\adbs;C:\Users\tiany\AppData\Local\atom\bin

Yarn version: 
  1.15.2

Node version: 
  10.15.3

Platform: 
  win32 x64

Trace: 
  Error: EPERM: operation not permitted, unlink 'C:\cs\pulmonic plus\14-09\node_modules\prop-types\node_modules\object-assign'

npm manifest: 
  {
    "name": "10-03",
    "version": "1.0.0",
    "description": "",
    "main": "root.js",
    "scripts": {
      "test": "echo \"Error: no test specified\" && exit 1"
    },
    "author": "",
    "license": "ISC",
    "dependencies": {
      "antd": "^2.1.0",
      "babel-plugin-react-html-attrs": "^2.0.0",
      "babel-preset-es2015": "^6.14.0",
      "babel-preset-react": "^6.11.1",
      "babelify": "^7.3.0",
      "css-loader": "^0.25.0",
      "fetch": "^1.1.0",
      "json-loader": "^0.5.4",
      "react": "^16.4.1",
      "react-dom": "^15.3.2",
      "react-instagram-embed": "^1.5.0",
      "react-mixin": "^2.0.2",
      "react-responsive": "^1.2.1",
      "react-router": "^2.8.1",
      "react-social-embed": "0.0.3",
      "react-tweet-embed": "^1.2.2",
      "react-twitter-embed": "^2.0.8",
      "react-youtube": "^7.9.0",
      "react-youtube-embed": "^1.0.3",
      "react-youtube-iframe-embed": "^2.0.2",
      "style-loader": "^0.13.1",
      "video-react": "^0.14.1",
      "webpack": "^1.13.2",
      "webpack-dev-server": "^1.16.1"
    },
    "devDependencies": {
      "babel-plugin-import": "^1.0.1"
    }
  }

yarn manifest: 
  No manifest

Lockfile: 
  No lockfile
